<?xml version="1.0" encoding="UTF-8" standalone="no"?>
<testsuite failures="0" name="cucumber.runtime.formatter.JUnitFormatter" skipped="0" tests="1" time="25.399221">
    <testcase classname="Deal data creation" name="Free CRM Create a new deal scenario" time="25.399221">
        <system-out><![CDATA[Given user lands on Login Page..............................................passed
When title of login page is Free CRM........................................passed
Then user enters username and password......................................passed
Then user clicks on login button............................................passed
Then user is on home page...................................................passed
Then user move to new deal page.............................................passed
Then user clicks on New Deal link...........................................passed
Then user enters deal details...............................................passed
Then close the browser......................................................passed
]]></system-out>
    </testcase>
</testsuite>
